The system is: Linux - 4.13.8-100.fc25.x86_64 - x86_64
Compiling the CXX compiler identification source file "CMakeCXXCompilerId.cpp" succeeded.
Compiler: /usr/lib64/ccache/c++ 
Build flags: 
Id flags:  

The output was:
0


Compilation of the CXX compiler identification source "CMakeCXXCompilerId.cpp" produced "a.out"

The CXX compiler identification is GNU, found in "/cs/home/sy35/Documents/cs4099/appagato/build/CMakeFiles/3.9.4/CompilerIdCXX/a.out"

Determining if the CXX compiler works passed with the following output:
Change Dir: /cs/home/sy35/Documents/cs4099/appagato/build/CMakeFiles/CMakeTmp

Run Build Command:"/usr/bin/gmake" "cmTC_61fe3/fast"
/usr/bin/gmake -f CMakeFiles/cmTC_61fe3.dir/build.make CMakeFiles/cmTC_61fe3.dir/build
gmake[1]: Entering directory '/cs/home/sy35/Documents/cs4099/appagato/build/CMakeFiles/CMakeTmp'
Building CXX object CMakeFiles/cmTC_61fe3.dir/testCXXCompiler.cxx.o
/usr/lib64/ccache/c++     -o CMakeFiles/cmTC_61fe3.dir/testCXXCompiler.cxx.o -c /cs/home/sy35/Documents/cs4099/appagato/build/CMakeFiles/CMakeTmp/testCXXCompiler.cxx
Linking CXX executable cmTC_61fe3
/cs/home/sy35/tmp/cmake-3.9.4/bin/cmake -E cmake_link_script CMakeFiles/cmTC_61fe3.dir/link.txt --verbose=1
/usr/lib64/ccache/c++       -rdynamic CMakeFiles/cmTC_61fe3.dir/testCXXCompiler.cxx.o  -o cmTC_61fe3 
gmake[1]: Leaving directory '/cs/home/sy35/Documents/cs4099/appagato/build/CMakeFiles/CMakeTmp'


Detecting CXX compiler ABI info compiled with the following output:
Change Dir: /cs/home/sy35/Documents/cs4099/appagato/build/CMakeFiles/CMakeTmp

Run Build Command:"/usr/bin/gmake" "cmTC_45039/fast"
/usr/bin/gmake -f CMakeFiles/cmTC_45039.dir/build.make CMakeFiles/cmTC_45039.dir/build
gmake[1]: Entering directory '/cs/home/sy35/Documents/cs4099/appagato/build/CMakeFiles/CMakeTmp'
Building CXX object CMakeFiles/cmTC_45039.dir/CMakeCXXCompilerABI.cpp.o
/usr/lib64/ccache/c++     -o CMakeFiles/cmTC_45039.dir/CMakeCXXCompilerABI.cpp.o -c /cs/home/sy35/tmp/cmake-3.9.4/Modules/CMakeCXXCompilerABI.cpp
Linking CXX executable cmTC_45039
/cs/home/sy35/tmp/cmake-3.9.4/bin/cmake -E cmake_link_script CMakeFiles/cmTC_45039.dir/link.txt --verbose=1
/usr/lib64/ccache/c++      -v -rdynamic CMakeFiles/cmTC_45039.dir/CMakeCXXCompilerABI.cpp.o  -o cmTC_45039 
Using built-in specs.
COLLECT_GCC=/usr/bin/c++
COLLECT_LTO_WRAPPER=/usr/libexec/gcc/x86_64-redhat-linux/6.4.1/lto-wrapper
Target: x86_64-redhat-linux
Configured with: ../configure --enable-bootstrap --enable-languages=c,c++,objc,obj-c++,fortran,ada,go,lto --prefix=/usr --mandir=/usr/share/man --infodir=/usr/share/info --with-bugurl=http://bugzilla.redhat.com/bugzilla --enable-shared --enable-threads=posix --enable-checking=release --enable-multilib --with-system-zlib --enable-__cxa_atexit --disable-libunwind-exceptions --enable-gnu-unique-object --enable-linker-build-id --with-linker-hash-style=gnu --enable-plugin --enable-initfini-array --disable-libgcj --with-isl --enable-libmpx --enable-gnu-indirect-function --with-tune=generic --with-arch_32=i686 --build=x86_64-redhat-linux
Thread model: posix
gcc version 6.4.1 20170727 (Red Hat 6.4.1-1) (GCC) 
COMPILER_PATH=/usr/libexec/gcc/x86_64-redhat-linux/6.4.1/:/usr/libexec/gcc/x86_64-redhat-linux/6.4.1/:/usr/libexec/gcc/x86_64-redhat-linux/:/usr/lib/gcc/x86_64-redhat-linux/6.4.1/:/usr/lib/gcc/x86_64-redhat-linux/
LIBRARY_PATH=/usr/lib/gcc/x86_64-redhat-linux/6.4.1/:/usr/lib/gcc/x86_64-redhat-linux/6.4.1/../../../../lib64/:/lib/../lib64/:/usr/lib/../lib64/:/usr/lib/gcc/x86_64-redhat-linux/6.4.1/../../../:/lib/:/usr/lib/
COLLECT_GCC_OPTIONS='-v' '-rdynamic' '-o' 'cmTC_45039' '-shared-libgcc' '-mtune=generic' '-march=x86-64'
 /usr/libexec/gcc/x86_64-redhat-linux/6.4.1/collect2 -plugin /usr/libexec/gcc/x86_64-redhat-linux/6.4.1/liblto_plugin.so -plugin-opt=/usr/libexec/gcc/x86_64-redhat-linux/6.4.1/lto-wrapper -plugin-opt=-fresolution=/tmp/ccqYjGqE.res -plugin-opt=-pass-through=-lgcc_s -plugin-opt=-pass-through=-lgcc -plugin-opt=-pass-through=-lc -plugin-opt=-pass-through=-lgcc_s -plugin-opt=-pass-through=-lgcc --build-id --no-add-needed --eh-frame-hdr --hash-style=gnu -m elf_x86_64 -export-dynamic -dynamic-linker /lib64/ld-linux-x86-64.so.2 -o cmTC_45039 /usr/lib/gcc/x86_64-redhat-linux/6.4.1/../../../../lib64/crt1.o /usr/lib/gcc/x86_64-redhat-linux/6.4.1/../../../../lib64/crti.o /usr/lib/gcc/x86_64-redhat-linux/6.4.1/crtbegin.o -L/usr/lib/gcc/x86_64-redhat-linux/6.4.1 -L/usr/lib/gcc/x86_64-redhat-linux/6.4.1/../../../../lib64 -L/lib/../lib64 -L/usr/lib/../lib64 -L/usr/lib/gcc/x86_64-redhat-linux/6.4.1/../../.. CMakeFiles/cmTC_45039.dir/CMakeCXXCompilerABI.cpp.o -lstdc++ -lm -lgcc_s -lgcc -lc -lgcc_s -lgcc /usr/lib/gcc/x86_64-redhat-linux/6.4.1/crtend.o /usr/lib/gcc/x86_64-redhat-linux/6.4.1/../../../../lib64/crtn.o
COLLECT_GCC_OPTIONS='-v' '-rdynamic' '-o' 'cmTC_45039' '-shared-libgcc' '-mtune=generic' '-march=x86-64'
gmake[1]: Leaving directory '/cs/home/sy35/Documents/cs4099/appagato/build/CMakeFiles/CMakeTmp'


Parsed CXX implicit link information from above output:
  link line regex: [^( *|.*[/\])(ld|CMAKE_LINK_STARTFILE-NOTFOUND|([^/\]+-)?ld|collect2)[^/\]*( |$)]
  ignore line: [Change Dir: /cs/home/sy35/Documents/cs4099/appagato/build/CMakeFiles/CMakeTmp]
  ignore line: []
  ignore line: [Run Build Command:"/usr/bin/gmake" "cmTC_45039/fast"]
  ignore line: [/usr/bin/gmake -f CMakeFiles/cmTC_45039.dir/build.make CMakeFiles/cmTC_45039.dir/build]
  ignore line: [gmake[1]: Entering directory '/cs/home/sy35/Documents/cs4099/appagato/build/CMakeFiles/CMakeTmp']
  ignore line: [Building CXX object CMakeFiles/cmTC_45039.dir/CMakeCXXCompilerABI.cpp.o]
  ignore line: [/usr/lib64/ccache/c++     -o CMakeFiles/cmTC_45039.dir/CMakeCXXCompilerABI.cpp.o -c /cs/home/sy35/tmp/cmake-3.9.4/Modules/CMakeCXXCompilerABI.cpp]
  ignore line: [Linking CXX executable cmTC_45039]
  ignore line: [/cs/home/sy35/tmp/cmake-3.9.4/bin/cmake -E cmake_link_script CMakeFiles/cmTC_45039.dir/link.txt --verbose=1]
  ignore line: [/usr/lib64/ccache/c++      -v -rdynamic CMakeFiles/cmTC_45039.dir/CMakeCXXCompilerABI.cpp.o  -o cmTC_45039 ]
  ignore line: [Using built-in specs.]
  ignore line: [COLLECT_GCC=/usr/bin/c++]
  ignore line: [COLLECT_LTO_WRAPPER=/usr/libexec/gcc/x86_64-redhat-linux/6.4.1/lto-wrapper]
  ignore line: [Target: x86_64-redhat-linux]
  ignore line: [Configured with: ../configure --enable-bootstrap --enable-languages=c,c++,objc,obj-c++,fortran,ada,go,lto --prefix=/usr --mandir=/usr/share/man --infodir=/usr/share/info --with-bugurl=http://bugzilla.redhat.com/bugzilla --enable-shared --enable-threads=posix --enable-checking=release --enable-multilib --with-system-zlib --enable-__cxa_atexit --disable-libunwind-exceptions --enable-gnu-unique-object --enable-linker-build-id --with-linker-hash-style=gnu --enable-plugin --enable-initfini-array --disable-libgcj --with-isl --enable-libmpx --enable-gnu-indirect-function --with-tune=generic --with-arch_32=i686 --build=x86_64-redhat-linux]
  ignore line: [Thread model: posix]
  ignore line: [gcc version 6.4.1 20170727 (Red Hat 6.4.1-1) (GCC) ]
  ignore line: [COMPILER_PATH=/usr/libexec/gcc/x86_64-redhat-linux/6.4.1/:/usr/libexec/gcc/x86_64-redhat-linux/6.4.1/:/usr/libexec/gcc/x86_64-redhat-linux/:/usr/lib/gcc/x86_64-redhat-linux/6.4.1/:/usr/lib/gcc/x86_64-redhat-linux/]
  ignore line: [LIBRARY_PATH=/usr/lib/gcc/x86_64-redhat-linux/6.4.1/:/usr/lib/gcc/x86_64-redhat-linux/6.4.1/../../../../lib64/:/lib/../lib64/:/usr/lib/../lib64/:/usr/lib/gcc/x86_64-redhat-linux/6.4.1/../../../:/lib/:/usr/lib/]
  ignore line: [COLLECT_GCC_OPTIONS='-v' '-rdynamic' '-o' 'cmTC_45039' '-shared-libgcc' '-mtune=generic' '-march=x86-64']
  link line: [ /usr/libexec/gcc/x86_64-redhat-linux/6.4.1/collect2 -plugin /usr/libexec/gcc/x86_64-redhat-linux/6.4.1/liblto_plugin.so -plugin-opt=/usr/libexec/gcc/x86_64-redhat-linux/6.4.1/lto-wrapper -plugin-opt=-fresolution=/tmp/ccqYjGqE.res -plugin-opt=-pass-through=-lgcc_s -plugin-opt=-pass-through=-lgcc -plugin-opt=-pass-through=-lc -plugin-opt=-pass-through=-lgcc_s -plugin-opt=-pass-through=-lgcc --build-id --no-add-needed --eh-frame-hdr --hash-style=gnu -m elf_x86_64 -export-dynamic -dynamic-linker /lib64/ld-linux-x86-64.so.2 -o cmTC_45039 /usr/lib/gcc/x86_64-redhat-linux/6.4.1/../../../../lib64/crt1.o /usr/lib/gcc/x86_64-redhat-linux/6.4.1/../../../../lib64/crti.o /usr/lib/gcc/x86_64-redhat-linux/6.4.1/crtbegin.o -L/usr/lib/gcc/x86_64-redhat-linux/6.4.1 -L/usr/lib/gcc/x86_64-redhat-linux/6.4.1/../../../../lib64 -L/lib/../lib64 -L/usr/lib/../lib64 -L/usr/lib/gcc/x86_64-redhat-linux/6.4.1/../../.. CMakeFiles/cmTC_45039.dir/CMakeCXXCompilerABI.cpp.o -lstdc++ -lm -lgcc_s -lgcc -lc -lgcc_s -lgcc /usr/lib/gcc/x86_64-redhat-linux/6.4.1/crtend.o /usr/lib/gcc/x86_64-redhat-linux/6.4.1/../../../../lib64/crtn.o]
    arg [/usr/libexec/gcc/x86_64-redhat-linux/6.4.1/collect2] ==> ignore
    arg [-plugin] ==> ignore
    arg [/usr/libexec/gcc/x86_64-redhat-linux/6.4.1/liblto_plugin.so] ==> ignore
    arg [-plugin-opt=/usr/libexec/gcc/x86_64-redhat-linux/6.4.1/lto-wrapper] ==> ignore
    arg [-plugin-opt=-fresolution=/tmp/ccqYjGqE.res] ==> ignore
    arg [-plugin-opt=-pass-through=-lgcc_s] ==> ignore
    arg [-plugin-opt=-pass-through=-lgcc] ==> ignore
    arg [-plugin-opt=-pass-through=-lc] ==> ignore
    arg [-plugin-opt=-pass-through=-lgcc_s] ==> ignore
    arg [-plugin-opt=-pass-through=-lgcc] ==> ignore
    arg [--build-id] ==> ignore
    arg [--no-add-needed] ==> ignore
    arg [--eh-frame-hdr] ==> ignore
    arg [--hash-style=gnu] ==> ignore
    arg [-m] ==> ignore
    arg [elf_x86_64] ==> ignore
    arg [-export-dynamic] ==> ignore
    arg [-dynamic-linker] ==> ignore
    arg [/lib64/ld-linux-x86-64.so.2] ==> ignore
    arg [-o] ==> ignore
    arg [cmTC_45039] ==> ignore
    arg [/usr/lib/gcc/x86_64-redhat-linux/6.4.1/../../../../lib64/crt1.o] ==> ignore
    arg [/usr/lib/gcc/x86_64-redhat-linux/6.4.1/../../../../lib64/crti.o] ==> ignore
    arg [/usr/lib/gcc/x86_64-redhat-linux/6.4.1/crtbegin.o] ==> ignore
    arg [-L/usr/lib/gcc/x86_64-redhat-linux/6.4.1] ==> dir [/usr/lib/gcc/x86_64-redhat-linux/6.4.1]
    arg [-L/usr/lib/gcc/x86_64-redhat-linux/6.4.1/../../../../lib64] ==> dir [/usr/lib/gcc/x86_64-redhat-linux/6.4.1/../../../../lib64]
    arg [-L/lib/../lib64] ==> dir [/lib/../lib64]
    arg [-L/usr/lib/../lib64] ==> dir [/usr/lib/../lib64]
    arg [-L/usr/lib/gcc/x86_64-redhat-linux/6.4.1/../../..] ==> dir [/usr/lib/gcc/x86_64-redhat-linux/6.4.1/../../..]
    arg [CMakeFiles/cmTC_45039.dir/CMakeCXXCompilerABI.cpp.o] ==> ignore
    arg [-lstdc++] ==> lib [stdc++]
    arg [-lm] ==> lib [m]
    arg [-lgcc_s] ==> lib [gcc_s]
    arg [-lgcc] ==> lib [gcc]
    arg [-lc] ==> lib [c]
    arg [-lgcc_s] ==> lib [gcc_s]
    arg [-lgcc] ==> lib [gcc]
    arg [/usr/lib/gcc/x86_64-redhat-linux/6.4.1/crtend.o] ==> ignore
    arg [/usr/lib/gcc/x86_64-redhat-linux/6.4.1/../../../../lib64/crtn.o] ==> ignore
  collapse library dir [/usr/lib/gcc/x86_64-redhat-linux/6.4.1] ==> [/usr/lib/gcc/x86_64-redhat-linux/6.4.1]
  collapse library dir [/usr/lib/gcc/x86_64-redhat-linux/6.4.1/../../../../lib64] ==> [/usr/lib64]
  collapse library dir [/lib/../lib64] ==> [/lib64]
  collapse library dir [/usr/lib/../lib64] ==> [/usr/lib64]
  collapse library dir [/usr/lib/gcc/x86_64-redhat-linux/6.4.1/../../..] ==> [/usr/lib]
  implicit libs: [stdc++;m;gcc_s;gcc;c;gcc_s;gcc]
  implicit dirs: [/usr/lib/gcc/x86_64-redhat-linux/6.4.1;/usr/lib64;/lib64;/usr/lib]
  implicit fwks: []




Detecting CXX [-std=c++1z] compiler features compiled with the following output:
Change Dir: /cs/home/sy35/Documents/cs4099/appagato/build/CMakeFiles/CMakeTmp

Run Build Command:"/usr/bin/gmake" "cmTC_b168f/fast"
/usr/bin/gmake -f CMakeFiles/cmTC_b168f.dir/build.make CMakeFiles/cmTC_b168f.dir/build
gmake[1]: Entering directory '/cs/home/sy35/Documents/cs4099/appagato/build/CMakeFiles/CMakeTmp'
Building CXX object CMakeFiles/cmTC_b168f.dir/feature_tests.cxx.o
/usr/lib64/ccache/c++    -std=c++1z -o CMakeFiles/cmTC_b168f.dir/feature_tests.cxx.o -c /cs/home/sy35/Documents/cs4099/appagato/build/CMakeFiles/feature_tests.cxx
Linking CXX executable cmTC_b168f
/cs/home/sy35/tmp/cmake-3.9.4/bin/cmake -E cmake_link_script CMakeFiles/cmTC_b168f.dir/link.txt --verbose=1
/usr/lib64/ccache/c++       -rdynamic CMakeFiles/cmTC_b168f.dir/feature_tests.cxx.o  -o cmTC_b168f 
gmake[1]: Leaving directory '/cs/home/sy35/Documents/cs4099/appagato/build/CMakeFiles/CMakeTmp'


    Feature record: CXX_FEATURE:1cxx_aggregate_default_initializers
    Feature record: CXX_FEATURE:1cxx_alias_templates
    Feature record: CXX_FEATURE:1cxx_alignas
    Feature record: CXX_FEATURE:1cxx_alignof
    Feature record: CXX_FEATURE:1cxx_attributes
    Feature record: CXX_FEATURE:1cxx_attribute_deprecated
    Feature record: CXX_FEATURE:1cxx_auto_type
    Feature record: CXX_FEATURE:1cxx_binary_literals
    Feature record: CXX_FEATURE:1cxx_constexpr
    Feature record: CXX_FEATURE:1cxx_contextual_conversions
    Feature record: CXX_FEATURE:1cxx_decltype
    Feature record: CXX_FEATURE:1cxx_decltype_auto
    Feature record: CXX_FEATURE:1cxx_decltype_incomplete_return_types
    Feature record: CXX_FEATURE:1cxx_default_function_template_args
    Feature record: CXX_FEATURE:1cxx_defaulted_functions
    Feature record: CXX_FEATURE:1cxx_defaulted_move_initializers
    Feature record: CXX_FEATURE:1cxx_delegating_constructors
    Feature record: CXX_FEATURE:1cxx_deleted_functions
    Feature record: CXX_FEATURE:1cxx_digit_separators
    Feature record: CXX_FEATURE:1cxx_enum_forward_declarations
    Feature record: CXX_FEATURE:1cxx_explicit_conversions
    Feature record: CXX_FEATURE:1cxx_extended_friend_declarations
    Feature record: CXX_FEATURE:1cxx_extern_templates
    Feature record: CXX_FEATURE:1cxx_final
    Feature record: CXX_FEATURE:1cxx_func_identifier
    Feature record: CXX_FEATURE:1cxx_generalized_initializers
    Feature record: CXX_FEATURE:1cxx_generic_lambdas
    Feature record: CXX_FEATURE:1cxx_inheriting_constructors
    Feature record: CXX_FEATURE:1cxx_inline_namespaces
    Feature record: CXX_FEATURE:1cxx_lambdas
    Feature record: CXX_FEATURE:1cxx_lambda_init_captures
    Feature record: CXX_FEATURE:1cxx_local_type_template_args
    Feature record: CXX_FEATURE:1cxx_long_long_type
    Feature record: CXX_FEATURE:1cxx_noexcept
    Feature record: CXX_FEATURE:1cxx_nonstatic_member_init
    Feature record: CXX_FEATURE:1cxx_nullptr
    Feature record: CXX_FEATURE:1cxx_override
    Feature record: CXX_FEATURE:1cxx_range_for
    Feature record: CXX_FEATURE:1cxx_raw_string_literals
    Feature record: CXX_FEATURE:1cxx_reference_qualified_functions
    Feature record: CXX_FEATURE:1cxx_relaxed_constexpr
    Feature record: CXX_FEATURE:1cxx_return_type_deduction
    Feature record: CXX_FEATURE:1cxx_right_angle_brackets
    Feature record: CXX_FEATURE:1cxx_rvalue_references
    Feature record: CXX_FEATURE:1cxx_sizeof_member
    Feature record: CXX_FEATURE:1cxx_static_assert
    Feature record: CXX_FEATURE:1cxx_strong_enums
    Feature record: CXX_FEATURE:1cxx_template_template_parameters
    Feature record: CXX_FEATURE:1cxx_thread_local
    Feature record: CXX_FEATURE:1cxx_trailing_return_types
    Feature record: CXX_FEATURE:1cxx_unicode_literals
    Feature record: CXX_FEATURE:1cxx_uniform_initialization
    Feature record: CXX_FEATURE:1cxx_unrestricted_unions
    Feature record: CXX_FEATURE:1cxx_user_literals
    Feature record: CXX_FEATURE:1cxx_variable_templates
    Feature record: CXX_FEATURE:1cxx_variadic_macros
    Feature record: CXX_FEATURE:1cxx_variadic_templates


Detecting CXX [-std=c++14] compiler features compiled with the following output:
Change Dir: /cs/home/sy35/Documents/cs4099/appagato/build/CMakeFiles/CMakeTmp

Run Build Command:"/usr/bin/gmake" "cmTC_efd60/fast"
/usr/bin/gmake -f CMakeFiles/cmTC_efd60.dir/build.make CMakeFiles/cmTC_efd60.dir/build
gmake[1]: Entering directory '/cs/home/sy35/Documents/cs4099/appagato/build/CMakeFiles/CMakeTmp'
Building CXX object CMakeFiles/cmTC_efd60.dir/feature_tests.cxx.o
/usr/lib64/ccache/c++    -std=c++14 -o CMakeFiles/cmTC_efd60.dir/feature_tests.cxx.o -c /cs/home/sy35/Documents/cs4099/appagato/build/CMakeFiles/feature_tests.cxx
Linking CXX executable cmTC_efd60
/cs/home/sy35/tmp/cmake-3.9.4/bin/cmake -E cmake_link_script CMakeFiles/cmTC_efd60.dir/link.txt --verbose=1
/usr/lib64/ccache/c++       -rdynamic CMakeFiles/cmTC_efd60.dir/feature_tests.cxx.o  -o cmTC_efd60 
gmake[1]: Leaving directory '/cs/home/sy35/Documents/cs4099/appagato/build/CMakeFiles/CMakeTmp'


    Feature record: CXX_FEATURE:1cxx_aggregate_default_initializers
    Feature record: CXX_FEATURE:1cxx_alias_templates
    Feature record: CXX_FEATURE:1cxx_alignas
    Feature record: CXX_FEATURE:1cxx_alignof
    Feature record: CXX_FEATURE:1cxx_attributes
    Feature record: CXX_FEATURE:1cxx_attribute_deprecated
    Feature record: CXX_FEATURE:1cxx_auto_type
    Feature record: CXX_FEATURE:1cxx_binary_literals
    Feature record: CXX_FEATURE:1cxx_constexpr
    Feature record: CXX_FEATURE:1cxx_contextual_conversions
    Feature record: CXX_FEATURE:1cxx_decltype
    Feature record: CXX_FEATURE:1cxx_decltype_auto
    Feature record: CXX_FEATURE:1cxx_decltype_incomplete_return_types
    Feature record: CXX_FEATURE:1cxx_default_function_template_args
    Feature record: CXX_FEATURE:1cxx_defaulted_functions
    Feature record: CXX_FEATURE:1cxx_defaulted_move_initializers
    Feature record: CXX_FEATURE:1cxx_delegating_constructors
    Feature record: CXX_FEATURE:1cxx_deleted_functions
    Feature record: CXX_FEATURE:1cxx_digit_separators
    Feature record: CXX_FEATURE:1cxx_enum_forward_declarations
    Feature record: CXX_FEATURE:1cxx_explicit_conversions
    Feature record: CXX_FEATURE:1cxx_extended_friend_declarations
    Feature record: CXX_FEATURE:1cxx_extern_templates
    Feature record: CXX_FEATURE:1cxx_final
    Feature record: CXX_FEATURE:1cxx_func_identifier
    Feature record: CXX_FEATURE:1cxx_generalized_initializers
    Feature record: CXX_FEATURE:1cxx_generic_lambdas
    Feature record: CXX_FEATURE:1cxx_inheriting_constructors
    Feature record: CXX_FEATURE:1cxx_inline_namespaces
    Feature record: CXX_FEATURE:1cxx_lambdas
    Feature record: CXX_FEATURE:1cxx_lambda_init_captures
    Feature record: CXX_FEATURE:1cxx_local_type_template_args
    Feature record: CXX_FEATURE:1cxx_long_long_type
    Feature record: CXX_FEATURE:1cxx_noexcept
    Feature record: CXX_FEATURE:1cxx_nonstatic_member_init
    Feature record: CXX_FEATURE:1cxx_nullptr
    Feature record: CXX_FEATURE:1cxx_override
    Feature record: CXX_FEATURE:1cxx_range_for
    Feature record: CXX_FEATURE:1cxx_raw_string_literals
    Feature record: CXX_FEATURE:1cxx_reference_qualified_functions
    Feature record: CXX_FEATURE:1cxx_relaxed_constexpr
    Feature record: CXX_FEATURE:1cxx_return_type_deduction
    Feature record: CXX_FEATURE:1cxx_right_angle_brackets
    Feature record: CXX_FEATURE:1cxx_rvalue_references
    Feature record: CXX_FEATURE:1cxx_sizeof_member
    Feature record: CXX_FEATURE:1cxx_static_assert
    Feature record: CXX_FEATURE:1cxx_strong_enums
    Feature record: CXX_FEATURE:1cxx_template_template_parameters
    Feature record: CXX_FEATURE:1cxx_thread_local
    Feature record: CXX_FEATURE:1cxx_trailing_return_types
    Feature record: CXX_FEATURE:1cxx_unicode_literals
    Feature record: CXX_FEATURE:1cxx_uniform_initialization
    Feature record: CXX_FEATURE:1cxx_unrestricted_unions
    Feature record: CXX_FEATURE:1cxx_user_literals
    Feature record: CXX_FEATURE:1cxx_variable_templates
    Feature record: CXX_FEATURE:1cxx_variadic_macros
    Feature record: CXX_FEATURE:1cxx_variadic_templates


Detecting CXX [-std=c++11] compiler features compiled with the following output:
Change Dir: /cs/home/sy35/Documents/cs4099/appagato/build/CMakeFiles/CMakeTmp

Run Build Command:"/usr/bin/gmake" "cmTC_695fe/fast"
/usr/bin/gmake -f CMakeFiles/cmTC_695fe.dir/build.make CMakeFiles/cmTC_695fe.dir/build
gmake[1]: Entering directory '/cs/home/sy35/Documents/cs4099/appagato/build/CMakeFiles/CMakeTmp'
Building CXX object CMakeFiles/cmTC_695fe.dir/feature_tests.cxx.o
/usr/lib64/ccache/c++    -std=c++11 -o CMakeFiles/cmTC_695fe.dir/feature_tests.cxx.o -c /cs/home/sy35/Documents/cs4099/appagato/build/CMakeFiles/feature_tests.cxx
Linking CXX executable cmTC_695fe
/cs/home/sy35/tmp/cmake-3.9.4/bin/cmake -E cmake_link_script CMakeFiles/cmTC_695fe.dir/link.txt --verbose=1
/usr/lib64/ccache/c++       -rdynamic CMakeFiles/cmTC_695fe.dir/feature_tests.cxx.o  -o cmTC_695fe 
gmake[1]: Leaving directory '/cs/home/sy35/Documents/cs4099/appagato/build/CMakeFiles/CMakeTmp'


    Feature record: CXX_FEATURE:0cxx_aggregate_default_initializers
    Feature record: CXX_FEATURE:1cxx_alias_templates
    Feature record: CXX_FEATURE:1cxx_alignas
    Feature record: CXX_FEATURE:1cxx_alignof
    Feature record: CXX_FEATURE:1cxx_attributes
    Feature record: CXX_FEATURE:0cxx_attribute_deprecated
    Feature record: CXX_FEATURE:1cxx_auto_type
    Feature record: CXX_FEATURE:0cxx_binary_literals
    Feature record: CXX_FEATURE:1cxx_constexpr
    Feature record: CXX_FEATURE:0cxx_contextual_conversions
    Feature record: CXX_FEATURE:1cxx_decltype
    Feature record: CXX_FEATURE:0cxx_decltype_auto
    Feature record: CXX_FEATURE:1cxx_decltype_incomplete_return_types
    Feature record: CXX_FEATURE:1cxx_default_function_template_args
    Feature record: CXX_FEATURE:1cxx_defaulted_functions
    Feature record: CXX_FEATURE:1cxx_defaulted_move_initializers
    Feature record: CXX_FEATURE:1cxx_delegating_constructors
    Feature record: CXX_FEATURE:1cxx_deleted_functions
    Feature record: CXX_FEATURE:0cxx_digit_separators
    Feature record: CXX_FEATURE:1cxx_enum_forward_declarations
    Feature record: CXX_FEATURE:1cxx_explicit_conversions
    Feature record: CXX_FEATURE:1cxx_extended_friend_declarations
    Feature record: CXX_FEATURE:1cxx_extern_templates
    Feature record: CXX_FEATURE:1cxx_final
    Feature record: CXX_FEATURE:1cxx_func_identifier
    Feature record: CXX_FEATURE:1cxx_generalized_initializers
    Feature record: CXX_FEATURE:0cxx_generic_lambdas
    Feature record: CXX_FEATURE:1cxx_inheriting_constructors
    Feature record: CXX_FEATURE:1cxx_inline_namespaces
    Feature record: CXX_FEATURE:1cxx_lambdas
    Feature record: CXX_FEATURE:0cxx_lambda_init_captures
    Feature record: CXX_FEATURE:1cxx_local_type_template_args
    Feature record: CXX_FEATURE:1cxx_long_long_type
    Feature record: CXX_FEATURE:1cxx_noexcept
    Feature record: CXX_FEATURE:1cxx_nonstatic_member_init
    Feature record: CXX_FEATURE:1cxx_nullptr
    Feature record: CXX_FEATURE:1cxx_override
    Feature record: CXX_FEATURE:1cxx_range_for
    Feature record: CXX_FEATURE:1cxx_raw_string_literals
    Feature record: CXX_FEATURE:1cxx_reference_qualified_functions
    Feature record: CXX_FEATURE:0cxx_relaxed_constexpr
    Feature record: CXX_FEATURE:0cxx_return_type_deduction
    Feature record: CXX_FEATURE:1cxx_right_angle_brackets
    Feature record: CXX_FEATURE:1cxx_rvalue_references
    Feature record: CXX_FEATURE:1cxx_sizeof_member
    Feature record: CXX_FEATURE:1cxx_static_assert
    Feature record: CXX_FEATURE:1cxx_strong_enums
    Feature record: CXX_FEATURE:1cxx_template_template_parameters
    Feature record: CXX_FEATURE:1cxx_thread_local
    Feature record: CXX_FEATURE:1cxx_trailing_return_types
    Feature record: CXX_FEATURE:1cxx_unicode_literals
    Feature record: CXX_FEATURE:1cxx_uniform_initialization
    Feature record: CXX_FEATURE:1cxx_unrestricted_unions
    Feature record: CXX_FEATURE:1cxx_user_literals
    Feature record: CXX_FEATURE:0cxx_variable_templates
    Feature record: CXX_FEATURE:1cxx_variadic_macros
    Feature record: CXX_FEATURE:1cxx_variadic_templates


Detecting CXX [-std=c++98] compiler features compiled with the following output:
Change Dir: /cs/home/sy35/Documents/cs4099/appagato/build/CMakeFiles/CMakeTmp

Run Build Command:"/usr/bin/gmake" "cmTC_0f4ca/fast"
/usr/bin/gmake -f CMakeFiles/cmTC_0f4ca.dir/build.make CMakeFiles/cmTC_0f4ca.dir/build
gmake[1]: Entering directory '/cs/home/sy35/Documents/cs4099/appagato/build/CMakeFiles/CMakeTmp'
Building CXX object CMakeFiles/cmTC_0f4ca.dir/feature_tests.cxx.o
/usr/lib64/ccache/c++    -std=c++98 -o CMakeFiles/cmTC_0f4ca.dir/feature_tests.cxx.o -c /cs/home/sy35/Documents/cs4099/appagato/build/CMakeFiles/feature_tests.cxx
Linking CXX executable cmTC_0f4ca
/cs/home/sy35/tmp/cmake-3.9.4/bin/cmake -E cmake_link_script CMakeFiles/cmTC_0f4ca.dir/link.txt --verbose=1
/usr/lib64/ccache/c++       -rdynamic CMakeFiles/cmTC_0f4ca.dir/feature_tests.cxx.o  -o cmTC_0f4ca 
gmake[1]: Leaving directory '/cs/home/sy35/Documents/cs4099/appagato/build/CMakeFiles/CMakeTmp'


    Feature record: CXX_FEATURE:0cxx_aggregate_default_initializers
    Feature record: CXX_FEATURE:0cxx_alias_templates
    Feature record: CXX_FEATURE:0cxx_alignas
    Feature record: CXX_FEATURE:0cxx_alignof
    Feature record: CXX_FEATURE:0cxx_attributes
    Feature record: CXX_FEATURE:0cxx_attribute_deprecated
    Feature record: CXX_FEATURE:0cxx_auto_type
    Feature record: CXX_FEATURE:0cxx_binary_literals
    Feature record: CXX_FEATURE:0cxx_constexpr
    Feature record: CXX_FEATURE:0cxx_contextual_conversions
    Feature record: CXX_FEATURE:0cxx_decltype
    Feature record: CXX_FEATURE:0cxx_decltype_auto
    Feature record: CXX_FEATURE:0cxx_decltype_incomplete_return_types
    Feature record: CXX_FEATURE:0cxx_default_function_template_args
    Feature record: CXX_FEATURE:0cxx_defaulted_functions
    Feature record: CXX_FEATURE:0cxx_defaulted_move_initializers
    Feature record: CXX_FEATURE:0cxx_delegating_constructors
    Feature record: CXX_FEATURE:0cxx_deleted_functions
    Feature record: CXX_FEATURE:0cxx_digit_separators
    Feature record: CXX_FEATURE:0cxx_enum_forward_declarations
    Feature record: CXX_FEATURE:0cxx_explicit_conversions
    Feature record: CXX_FEATURE:0cxx_extended_friend_declarations
    Feature record: CXX_FEATURE:0cxx_extern_templates
    Feature record: CXX_FEATURE:0cxx_final
    Feature record: CXX_FEATURE:0cxx_func_identifier
    Feature record: CXX_FEATURE:0cxx_generalized_initializers
    Feature record: CXX_FEATURE:0cxx_generic_lambdas
    Feature record: CXX_FEATURE:0cxx_inheriting_constructors
    Feature record: CXX_FEATURE:0cxx_inline_namespaces
    Feature record: CXX_FEATURE:0cxx_lambdas
    Feature record: CXX_FEATURE:0cxx_lambda_init_captures
    Feature record: CXX_FEATURE:0cxx_local_type_template_args
    Feature record: CXX_FEATURE:0cxx_long_long_type
    Feature record: CXX_FEATURE:0cxx_noexcept
    Feature record: CXX_FEATURE:0cxx_nonstatic_member_init
    Feature record: CXX_FEATURE:0cxx_nullptr
    Feature record: CXX_FEATURE:0cxx_override
    Feature record: CXX_FEATURE:0cxx_range_for
    Feature record: CXX_FEATURE:0cxx_raw_string_literals
    Feature record: CXX_FEATURE:0cxx_reference_qualified_functions
    Feature record: CXX_FEATURE:0cxx_relaxed_constexpr
    Feature record: CXX_FEATURE:0cxx_return_type_deduction
    Feature record: CXX_FEATURE:0cxx_right_angle_brackets
    Feature record: CXX_FEATURE:0cxx_rvalue_references
    Feature record: CXX_FEATURE:0cxx_sizeof_member
    Feature record: CXX_FEATURE:0cxx_static_assert
    Feature record: CXX_FEATURE:0cxx_strong_enums
    Feature record: CXX_FEATURE:1cxx_template_template_parameters
    Feature record: CXX_FEATURE:0cxx_thread_local
    Feature record: CXX_FEATURE:0cxx_trailing_return_types
    Feature record: CXX_FEATURE:0cxx_unicode_literals
    Feature record: CXX_FEATURE:0cxx_uniform_initialization
    Feature record: CXX_FEATURE:0cxx_unrestricted_unions
    Feature record: CXX_FEATURE:0cxx_user_literals
    Feature record: CXX_FEATURE:0cxx_variable_templates
    Feature record: CXX_FEATURE:0cxx_variadic_macros
    Feature record: CXX_FEATURE:0cxx_variadic_templates
Performing C++ SOURCE FILE Test COMPILER_SUPPORTS_CXX11 succeeded with the following output:
Change Dir: /cs/home/sy35/Documents/cs4099/appagato/build/CMakeFiles/CMakeTmp

Run Build Command:"/usr/bin/gmake" "cmTC_3f080/fast"
/usr/bin/gmake -f CMakeFiles/cmTC_3f080.dir/build.make CMakeFiles/cmTC_3f080.dir/build
gmake[1]: Entering directory '/cs/home/sy35/Documents/cs4099/appagato/build/CMakeFiles/CMakeTmp'
Building CXX object CMakeFiles/cmTC_3f080.dir/src.cxx.o
/usr/lib64/ccache/c++    -DCOMPILER_SUPPORTS_CXX11   -std=c++11 -o CMakeFiles/cmTC_3f080.dir/src.cxx.o -c /cs/home/sy35/Documents/cs4099/appagato/build/CMakeFiles/CMakeTmp/src.cxx
Linking CXX executable cmTC_3f080
/cs/home/sy35/tmp/cmake-3.9.4/bin/cmake -E cmake_link_script CMakeFiles/cmTC_3f080.dir/link.txt --verbose=1
/usr/lib64/ccache/c++   -DCOMPILER_SUPPORTS_CXX11    -rdynamic CMakeFiles/cmTC_3f080.dir/src.cxx.o  -o cmTC_3f080 
gmake[1]: Leaving directory '/cs/home/sy35/Documents/cs4099/appagato/build/CMakeFiles/CMakeTmp'

Source file was:
int main() { return 0; }
